2020-03-16 18:29:29org.springframework.context.support.AbstractApplicationContext.prepareRefresh(AbstractApplicationContext.java:595) AbstractApplicationContext.java DEBUG Refreshing org.springframework.context.support.ClassPathXmlApplicationContext@49e4cb85
2020-03-16 18:29:30org.springframework.context.annotation.ClassPathScanningCandidateComponentProvider.scanCandidateComponents(ClassPathScanningCandidateComponentProvider.java:437) ClassPathScanningCandidateComponentProvider.java DEBUG Identified candidate component class: file [D:\IDEA2018\IntelliJ IDEA 2018.1\project\stickFight0.2\web\WEB-INF\classes\loveAndPeace\service\impl\rankServiceImpl.class]
2020-03-16 18:29:30org.springframework.beans.factory.xml.XmlBeanDefinitionReader.doLoadBeanDefinitions(XmlBeanDefinitionReader.java:396) XmlBeanDefinitionReader.java DEBUG Loaded 6 bean definitions from class path resource [applicationContext.xml]
2020-03-16 18:29:30org.springframework.beans.factory.support.DefaultSingletonBeanRegistry.getSingleton(DefaultSingletonBeanRegistry.java:213) DefaultSingletonBeanRegistry.java DEBUG Creating shared instance of singleton bean 'org.springframework.context.annotation.internalConfigurationAnnotationProcessor'
2020-03-16 18:29:30org.springframework.beans.factory.support.DefaultSingletonBeanRegistry.getSingleton(DefaultSingletonBeanRegistry.java:213) DefaultSingletonBeanRegistry.java DEBUG Creating shared instance of singleton bean 'org.springframework.context.event.internalEventListenerProcessor'
2020-03-16 18:29:30org.springframework.beans.factory.support.DefaultSingletonBeanRegistry.getSingleton(DefaultSingletonBeanRegistry.java:213) DefaultSingletonBeanRegistry.java DEBUG Creating shared instance of singleton bean 'org.springframework.context.event.internalEventListenerFactory'
2020-03-16 18:29:30org.springframework.beans.factory.support.DefaultSingletonBeanRegistry.getSingleton(DefaultSingletonBeanRegistry.java:213) DefaultSingletonBeanRegistry.java DEBUG Creating shared instance of singleton bean 'org.springframework.context.annotation.internalAutowiredAnnotationProcessor'
2020-03-16 18:29:30org.springframework.beans.factory.support.DefaultSingletonBeanRegistry.getSingleton(DefaultSingletonBeanRegistry.java:213) DefaultSingletonBeanRegistry.java DEBUG Creating shared instance of singleton bean 'org.springframework.context.annotation.internalCommonAnnotationProcessor'
2020-03-16 18:29:30org.springframework.beans.factory.support.DefaultSingletonBeanRegistry.getSingleton(DefaultSingletonBeanRegistry.java:213) DefaultSingletonBeanRegistry.java DEBUG Creating shared instance of singleton bean 'rankService'
2020-03-16 18:30:31org.springframework.context.support.AbstractApplicationContext.prepareRefresh(AbstractApplicationContext.java:595) AbstractApplicationContext.java DEBUG Refreshing org.springframework.context.support.ClassPathXmlApplicationContext@4c203ea1
2020-03-16 18:30:31org.springframework.context.annotation.ClassPathScanningCandidateComponentProvider.scanCandidateComponents(ClassPathScanningCandidateComponentProvider.java:437) ClassPathScanningCandidateComponentProvider.java DEBUG Identified candidate component class: file [D:\IDEA2018\IntelliJ IDEA 2018.1\project\stickFight0.2\web\WEB-INF\classes\loveAndPeace\service\impl\rankServiceImpl.class]
2020-03-16 18:30:31org.springframework.beans.factory.xml.XmlBeanDefinitionReader.doLoadBeanDefinitions(XmlBeanDefinitionReader.java:396) XmlBeanDefinitionReader.java DEBUG Loaded 6 bean definitions from class path resource [applicationContext.xml]
2020-03-16 18:30:31org.springframework.beans.factory.support.DefaultSingletonBeanRegistry.getSingleton(DefaultSingletonBeanRegistry.java:213) DefaultSingletonBeanRegistry.java DEBUG Creating shared instance of singleton bean 'org.springframework.context.annotation.internalConfigurationAnnotationProcessor'
2020-03-16 18:30:31org.springframework.beans.factory.support.DefaultSingletonBeanRegistry.getSingleton(DefaultSingletonBeanRegistry.java:213) DefaultSingletonBeanRegistry.java DEBUG Creating shared instance of singleton bean 'org.springframework.context.event.internalEventListenerProcessor'
2020-03-16 18:30:31org.springframework.beans.factory.support.DefaultSingletonBeanRegistry.getSingleton(DefaultSingletonBeanRegistry.java:213) DefaultSingletonBeanRegistry.java DEBUG Creating shared instance of singleton bean 'org.springframework.context.event.internalEventListenerFactory'
2020-03-16 18:30:31org.springframework.beans.factory.support.DefaultSingletonBeanRegistry.getSingleton(DefaultSingletonBeanRegistry.java:213) DefaultSingletonBeanRegistry.java DEBUG Creating shared instance of singleton bean 'org.springframework.context.annotation.internalAutowiredAnnotationProcessor'
2020-03-16 18:30:31org.springframework.beans.factory.support.DefaultSingletonBeanRegistry.getSingleton(DefaultSingletonBeanRegistry.java:213) DefaultSingletonBeanRegistry.java DEBUG Creating shared instance of singleton bean 'org.springframework.context.annotation.internalCommonAnnotationProcessor'
2020-03-16 18:30:31org.springframework.beans.factory.support.DefaultSingletonBeanRegistry.getSingleton(DefaultSingletonBeanRegistry.java:213) DefaultSingletonBeanRegistry.java DEBUG Creating shared instance of singleton bean 'rankService'
2020-03-16 18:30:35org.springframework.context.support.AbstractApplicationContext.prepareRefresh(AbstractApplicationContext.java:595) AbstractApplicationContext.java DEBUG Refreshing org.springframework.context.support.ClassPathXmlApplicationContext@49e4cb85
2020-03-16 18:30:36org.springframework.context.annotation.ClassPathScanningCandidateComponentProvider.scanCandidateComponents(ClassPathScanningCandidateComponentProvider.java:437) ClassPathScanningCandidateComponentProvider.java DEBUG Identified candidate component class: file [D:\IDEA2018\IntelliJ IDEA 2018.1\project\stickFight0.2\web\WEB-INF\classes\loveAndPeace\service\impl\rankServiceImpl.class]
2020-03-16 18:30:36org.springframework.beans.factory.xml.XmlBeanDefinitionReader.doLoadBeanDefinitions(XmlBeanDefinitionReader.java:396) XmlBeanDefinitionReader.java DEBUG Loaded 6 bean definitions from class path resource [applicationContext.xml]
2020-03-16 18:30:36org.springframework.beans.factory.support.DefaultSingletonBeanRegistry.getSingleton(DefaultSingletonBeanRegistry.java:213) DefaultSingletonBeanRegistry.java DEBUG Creating shared instance of singleton bean 'org.springframework.context.annotation.internalConfigurationAnnotationProcessor'
2020-03-16 18:30:36org.springframework.beans.factory.support.DefaultSingletonBeanRegistry.getSingleton(DefaultSingletonBeanRegistry.java:213) DefaultSingletonBeanRegistry.java DEBUG Creating shared instance of singleton bean 'org.springframework.context.event.internalEventListenerProcessor'
2020-03-16 18:30:36org.springframework.beans.factory.support.DefaultSingletonBeanRegistry.getSingleton(DefaultSingletonBeanRegistry.java:213) DefaultSingletonBeanRegistry.java DEBUG Creating shared instance of singleton bean 'org.springframework.context.event.internalEventListenerFactory'
2020-03-16 18:30:36org.springframework.beans.factory.support.DefaultSingletonBeanRegistry.getSingleton(DefaultSingletonBeanRegistry.java:213) DefaultSingletonBeanRegistry.java DEBUG Creating shared instance of singleton bean 'org.springframework.context.annotation.internalAutowiredAnnotationProcessor'
2020-03-16 18:30:36org.springframework.beans.factory.support.DefaultSingletonBeanRegistry.getSingleton(DefaultSingletonBeanRegistry.java:213) DefaultSingletonBeanRegistry.java DEBUG Creating shared instance of singleton bean 'org.springframework.context.annotation.internalCommonAnnotationProcessor'
2020-03-16 18:30:36org.springframework.beans.factory.support.DefaultSingletonBeanRegistry.getSingleton(DefaultSingletonBeanRegistry.java:213) DefaultSingletonBeanRegistry.java DEBUG Creating shared instance of singleton bean 'rankService'
2020-03-16 18:32:11org.springframework.context.support.AbstractApplicationContext.prepareRefresh(AbstractApplicationContext.java:595) AbstractApplicationContext.java DEBUG Refreshing org.springframework.context.support.ClassPathXmlApplicationContext@e580929
2020-03-16 18:32:11org.springframework.context.annotation.ClassPathScanningCandidateComponentProvider.scanCandidateComponents(ClassPathScanningCandidateComponentProvider.java:437) ClassPathScanningCandidateComponentProvider.java DEBUG Identified candidate component class: file [D:\IDEA2018\IntelliJ IDEA 2018.1\project\stickFight0.2\web\WEB-INF\classes\loveAndPeace\service\impl\rankServiceImpl.class]
2020-03-16 18:32:11org.springframework.beans.factory.xml.XmlBeanDefinitionReader.doLoadBeanDefinitions(XmlBeanDefinitionReader.java:396) XmlBeanDefinitionReader.java DEBUG Loaded 6 bean definitions from class path resource [applicationContext.xml]
2020-03-16 18:32:11org.springframework.beans.factory.support.DefaultSingletonBeanRegistry.getSingleton(DefaultSingletonBeanRegistry.java:213) DefaultSingletonBeanRegistry.java DEBUG Creating shared instance of singleton bean 'org.springframework.context.annotation.internalConfigurationAnnotationProcessor'
2020-03-16 18:32:11org.springframework.beans.factory.support.DefaultSingletonBeanRegistry.getSingleton(DefaultSingletonBeanRegistry.java:213) DefaultSingletonBeanRegistry.java DEBUG Creating shared instance of singleton bean 'org.springframework.context.event.internalEventListenerProcessor'
2020-03-16 18:32:11org.springframework.beans.factory.support.DefaultSingletonBeanRegistry.getSingleton(DefaultSingletonBeanRegistry.java:213) DefaultSingletonBeanRegistry.java DEBUG Creating shared instance of singleton bean 'org.springframework.context.event.internalEventListenerFactory'
2020-03-16 18:32:12org.springframework.beans.factory.support.DefaultSingletonBeanRegistry.getSingleton(DefaultSingletonBeanRegistry.java:213) DefaultSingletonBeanRegistry.java DEBUG Creating shared instance of singleton bean 'org.springframework.context.annotation.internalAutowiredAnnotationProcessor'
2020-03-16 18:32:12org.springframework.beans.factory.support.DefaultSingletonBeanRegistry.getSingleton(DefaultSingletonBeanRegistry.java:213) DefaultSingletonBeanRegistry.java DEBUG Creating shared instance of singleton bean 'org.springframework.context.annotation.internalCommonAnnotationProcessor'
2020-03-16 18:32:12org.springframework.beans.factory.support.DefaultSingletonBeanRegistry.getSingleton(DefaultSingletonBeanRegistry.java:213) DefaultSingletonBeanRegistry.java DEBUG Creating shared instance of singleton bean 'rankService'
